[2025-04-23 15:44:01] Использую pm2 по пути: /usr/local/bin/pm2
[2025-04-23 15:44:01] Перешел в директорию репозитория: /home/user/naim_bot
[2025-04-23 15:44:01] Текущий хеш коммита: d5d9e018483711e1e1a72a11a776f503998ba94e
Из github.com:maksimod/naim_bot
 * branch            main       -> FETCH_HEAD
[2025-04-23 15:44:03] Выполнен git fetch
[2025-04-23 15:44:03] Хеш коммита в origin/main: d5d9e018483711e1e1a72a11a776f503998ba94e
[2025-04-23 15:44:03] Изменений не обнаружено, перезапуск не требуется
[2025-04-23 15:44:03] Проверка обновлений завершена
[2025-04-23 15:45:01] Начинаю проверку обновлений в репозитории
[2025-04-23 15:45:01] Использую pm2 по пути: /usr/local/bin/pm2
[2025-04-23 15:45:01] Перешел в директорию репозитория: /home/user/naim_bot
[2025-04-23 15:45:01] Текущий хеш коммита: d5d9e018483711e1e1a72a11a776f503998ba94e
Из github.com:maksimod/naim_bot
 * branch            main       -> FETCH_HEAD
[2025-04-23 15:45:03] Выполнен git fetch
[2025-04-23 15:45:03] Хеш коммита в origin/main: d5d9e018483711e1e1a72a11a776f503998ba94e
[2025-04-23 15:45:03] Изменений не обнаружено, перезапуск не требуется
[2025-04-23 15:45:03] Проверка обновлений завершена
[2025-04-23 15:46:01] Начинаю проверку обновлений в репозитории
[2025-04-23 15:46:01] Использую pm2 по пути: /usr/local/bin/pm2
[2025-04-23 15:46:01] Перешел в директорию репозитория: /home/user/naim_bot
[2025-04-23 15:46:01] Текущий хеш коммита: d5d9e018483711e1e1a72a11a776f503998ba94e
Из github.com:maksimod/naim_bot
 * branch            main       -> FETCH_HEAD
[2025-04-23 15:46:03] Выполнен git fetch
[2025-04-23 15:46:03] Хеш коммита в origin/main: d5d9e018483711e1e1a72a11a776f503998ba94e
[2025-04-23 15:46:03] Изменений не обнаружено, перезапуск не требуется
[2025-04-23 15:46:03] Проверка обновлений завершена
[2025-04-23 15:47:01] Начинаю проверку обновлений в репозитории
[2025-04-23 15:47:01] Использую pm2 по пути: /usr/local/bin/pm2
[2025-04-23 15:47:01] Перешел в директорию репозитория: /home/user/naim_bot
[2025-04-23 15:47:01] Текущий хеш коммита: d5d9e018483711e1e1a72a11a776f503998ba94e
Из github.com:maksimod/naim_bot
 * branch            main       -> FETCH_HEAD
[2025-04-23 15:47:04] Выполнен git fetch
[2025-04-23 15:47:04] Хеш коммита в origin/main: d5d9e018483711e1e1a72a11a776f503998ba94e
[2025-04-23 15:47:04] Изменений не обнаружено, перезапуск не требуется
[2025-04-23 15:47:04] Проверка обновлений завершена
[2025-04-23 15:48:01] Начинаю проверку обновлений в репозитории
[2025-04-23 15:48:01] Использую pm2 по пути: /usr/local/bin/pm2
[2025-04-23 15:48:01] Перешел в директорию репозитория: /home/user/naim_bot
[2025-04-23 15:48:01] Текущий хеш коммита: d5d9e018483711e1e1a72a11a776f503998ba94e
Из github.com:maksimod/naim_bot
 * branch            main       -> FETCH_HEAD
[2025-04-23 15:48:03] Выполнен git fetch
[2025-04-23 15:48:03] Хеш коммита в origin/main: d5d9e018483711e1e1a72a11a776f503998ba94e
[2025-04-23 15:48:03] Изменений не обнаружено, перезапуск не требуется
[2025-04-23 15:48:03] Проверка обновлений завершена
[2025-04-23 15:49:01] Начинаю проверку обновлений в репозитории
[2025-04-23 15:49:01] Использую pm2 по пути: /usr/local/bin/pm2
[2025-04-23 15:49:01] Перешел в директорию репозитория: /home/user/naim_bot
[2025-04-23 15:49:01] Текущий хеш коммита: d5d9e018483711e1e1a72a11a776f503998ba94e
Из github.com:maksimod/naim_bot
 * branch            main       -> FETCH_HEAD
[2025-04-23 15:49:03] Выполнен git fetch
[2025-04-23 15:49:03] Хеш коммита в origin/main: d5d9e018483711e1e1a72a11a776f503998ba94e
[2025-04-23 15:49:03] Изменений не обнаружено, перезапуск не требуется
[2025-04-23 15:49:03] Проверка обновлений завершена
[2025-04-23 15:50:01] Начинаю проверку обновлений в репозитории
[2025-04-23 15:50:01] Использую pm2 по пути: /usr/local/bin/pm2
[2025-04-23 15:50:01] Перешел в директорию репозитория: /home/user/naim_bot
[2025-04-23 15:50:01] Текущий хеш коммита: d5d9e018483711e1e1a72a11a776f503998ba94e
Из github.com:maksimod/naim_bot
 * branch            main       -> FETCH_HEAD
[2025-04-23 15:50:03] Выполнен git fetch
[2025-04-23 15:50:03] Хеш коммита в origin/main: d5d9e018483711e1e1a72a11a776f503998ba94e
[2025-04-23 15:50:03] Изменений не обнаружено, перезапуск не требуется
[2025-04-23 15:50:04] Проверка обновлений завершена
[2025-04-23 15:51:01] Начинаю проверку обновлений в репозитории
[2025-04-23 15:51:01] Использую pm2 по пути: /usr/local/bin/pm2
[2025-04-23 15:51:01] Перешел в директорию репозитория: /home/user/naim_bot
[2025-04-23 15:51:01] Текущий хеш коммита: d5d9e018483711e1e1a72a11a776f503998ba94e
Из github.com:maksimod/naim_bot
 * branch            main       -> FETCH_HEAD
[2025-04-23 15:51:03] Выполнен git fetch
[2025-04-23 15:51:03] Хеш коммита в origin/main: d5d9e018483711e1e1a72a11a776f503998ba94e
[2025-04-23 15:51:03] Изменений не обнаружено, перезапуск не требуется
[2025-04-23 15:51:03] Проверка обновлений завершена
[2025-04-23 15:52:01] Начинаю проверку обновлений в репозитории
[2025-04-23 15:52:01] Использую pm2 по пути: /usr/local/bin/pm2
[2025-04-23 15:52:01] Перешел в директорию репозитория: /home/user/naim_bot
[2025-04-23 15:52:01] Текущий хеш коммита: d5d9e018483711e1e1a72a11a776f503998ba94e
Из github.com:maksimod/naim_bot
 * branch            main       -> FETCH_HEAD
[2025-04-23 15:52:03] Выполнен git fetch
[2025-04-23 15:52:03] Хеш коммита в origin/main: d5d9e018483711e1e1a72a11a776f503998ba94e
[2025-04-23 15:52:03] Изменений не обнаружено, перезапуск не требуется
[2025-04-23 15:52:03] Проверка обновлений завершена
[2025-04-23 15:53:01] Начинаю проверку обновлений в репозитории
[2025-04-23 15:53:01] Использую pm2 по пути: /usr/local/bin/pm2
[2025-04-23 15:53:01] Перешел в директорию репозитория: /home/user/naim_bot
[2025-04-23 15:53:01] Текущий хеш коммита: d5d9e018483711e1e1a72a11a776f503998ba94e
Из github.com:maksimod/naim_bot
 * branch            main       -> FETCH_HEAD
[2025-04-23 15:53:03] Выполнен git fetch
[2025-04-23 15:53:03] Хеш коммита в origin/main: d5d9e018483711e1e1a72a11a776f503998ba94e
[2025-04-23 15:53:03] Изменений не обнаружено, перезапуск не требуется
[2025-04-23 15:53:03] Проверка обновлений завершена
[2025-04-23 15:54:01] Начинаю проверку обновлений в репозитории
[2025-04-23 15:54:01] Использую pm2 по пути: /usr/local/bin/pm2
[2025-04-23 15:54:01] Перешел в директорию репозитория: /home/user/naim_bot
[2025-04-23 15:54:01] Текущий хеш коммита: d5d9e018483711e1e1a72a11a776f503998ba94e
Из github.com:maksimod/naim_bot
 * branch            main       -> FETCH_HEAD
[2025-04-23 15:54:03] Выполнен git fetch
[2025-04-23 15:54:03] Хеш коммита в origin/main: d5d9e018483711e1e1a72a11a776f503998ba94e
[2025-04-23 15:54:03] Изменений не обнаружено, перезапуск не требуется
[2025-04-23 15:54:03] Проверка обновлений завершена
[2025-04-23 15:55:01] Начинаю проверку обновлений в репозитории
[2025-04-23 15:55:01] Использую pm2 по пути: /usr/local/bin/pm2
[2025-04-23 15:55:01] Перешел в директорию репозитория: /home/user/naim_bot
[2025-04-23 15:55:01] Текущий хеш коммита: d5d9e018483711e1e1a72a11a776f503998ba94e
Из github.com:maksimod/naim_bot
 * branch            main       -> FETCH_HEAD
[2025-04-23 15:55:04] Выполнен git fetch
[2025-04-23 15:55:04] Хеш коммита в origin/main: d5d9e018483711e1e1a72a11a776f503998ba94e
[2025-04-23 15:55:04] Изменений не обнаружено, перезапуск не требуется
[2025-04-23 15:55:04] Проверка обновлений завершена
[2025-04-23 15:56:01] Начинаю проверку обновлений в репозитории
[2025-04-23 15:56:01] Использую pm2 по пути: /usr/local/bin/pm2
[2025-04-23 15:56:01] Перешел в директорию репозитория: /home/user/naim_bot
[2025-04-23 15:56:01] Текущий хеш коммита: d5d9e018483711e1e1a72a11a776f503998ba94e
Из github.com:maksimod/naim_bot
 * branch            main       -> FETCH_HEAD
[2025-04-23 15:56:03] Выполнен git fetch
[2025-04-23 15:56:03] Хеш коммита в origin/main: d5d9e018483711e1e1a72a11a776f503998ba94e
[2025-04-23 15:56:03] Изменений не обнаружено, перезапуск не требуется
[2025-04-23 15:56:03] Проверка обновлений завершена
[2025-04-23 15:57:01] Начинаю проверку обновлений в репозитории
[2025-04-23 15:57:01] Использую pm2 по пути: /usr/local/bin/pm2
[2025-04-23 15:57:01] Перешел в директорию репозитория: /home/user/naim_bot
[2025-04-23 15:57:01] Текущий хеш коммита: d5d9e018483711e1e1a72a11a776f503998ba94e
Из github.com:maksimod/naim_bot
 * branch            main       -> FETCH_HEAD
[2025-04-23 15:57:03] Выполнен git fetch
[2025-04-23 15:57:03] Хеш коммита в origin/main: d5d9e018483711e1e1a72a11a776f503998ba94e
[2025-04-23 15:57:03] Изменений не обнаружено, перезапуск не требуется
[2025-04-23 15:57:03] Проверка обновлений завершена
[2025-04-23 15:58:01] Начинаю проверку обновлений в репозитории
[2025-04-23 15:58:01] Использую pm2 по пути: /usr/local/bin/pm2
[2025-04-23 15:58:01] Перешел в директорию репозитория: /home/user/naim_bot
[2025-04-23 15:58:01] Текущий хеш коммита: d5d9e018483711e1e1a72a11a776f503998ba94e
Из github.com:maksimod/naim_bot
 * branch            main       -> FETCH_HEAD
[2025-04-23 15:58:04] Выполнен git fetch
[2025-04-23 15:58:04] Хеш коммита в origin/main: d5d9e018483711e1e1a72a11a776f503998ba94e
[2025-04-23 15:58:04] Изменений не обнаружено, перезапуск не требуется
[2025-04-23 15:58:04] Проверка обновлений завершена
[2025-04-23 15:59:01] Начинаю проверку обновлений в репозитории
[2025-04-23 15:59:01] Использую pm2 по пути: /usr/local/bin/pm2
[2025-04-23 15:59:01] Перешел в директорию репозитория: /home/user/naim_bot
[2025-04-23 15:59:01] Текущий хеш коммита: d5d9e018483711e1e1a72a11a776f503998ba94e
Из github.com:maksimod/naim_bot
 * branch            main       -> FETCH_HEAD
[2025-04-23 15:59:03] Выполнен git fetch
[2025-04-23 15:59:03] Хеш коммита в origin/main: d5d9e018483711e1e1a72a11a776f503998ba94e
[2025-04-23 15:59:03] Изменений не обнаружено, перезапуск не требуется
[2025-04-23 15:59:03] Проверка обновлений завершена
[2025-04-23 16:00:01] Начинаю проверку обновлений в репозитории
[2025-04-23 16:00:01] Использую pm2 по пути: /usr/local/bin/pm2
[2025-04-23 16:00:01] Перешел в директорию репозитория: /home/user/naim_bot
[2025-04-23 16:00:01] Текущий хеш коммита: d5d9e018483711e1e1a72a11a776f503998ba94e
Из github.com:maksimod/naim_bot
 * branch            main       -> FETCH_HEAD
[2025-04-23 16:00:03] Выполнен git fetch
[2025-04-23 16:00:03] Хеш коммита в origin/main: d5d9e018483711e1e1a72a11a776f503998ba94e
[2025-04-23 16:00:03] Изменений не обнаружено, перезапуск не требуется
[2025-04-23 16:00:03] Проверка обновлений завершена
[2025-04-23 16:01:01] Начинаю проверку обновлений в репозитории
[2025-04-23 16:01:01] Использую pm2 по пути: /usr/local/bin/pm2
[2025-04-23 16:01:01] Перешел в директорию репозитория: /home/user/naim_bot
[2025-04-23 16:01:01] Текущий хеш коммита: d5d9e018483711e1e1a72a11a776f503998ba94e
Из github.com:maksimod/naim_bot
 * branch            main       -> FETCH_HEAD
[2025-04-23 16:01:04] Выполнен git fetch
[2025-04-23 16:01:04] Хеш коммита в origin/main: d5d9e018483711e1e1a72a11a776f503998ba94e
[2025-04-23 16:01:04] Изменений не обнаружено, перезапуск не требуется
[2025-04-23 16:01:04] Проверка обновлений завершена
[2025-04-23 16:02:01] Начинаю проверку обновлений в репозитории
[2025-04-23 16:02:01] Использую pm2 по пути: /usr/local/bin/pm2
[2025-04-23 16:02:01] Перешел в директорию репозитория: /home/user/naim_bot
[2025-04-23 16:02:01] Текущий хеш коммита: d5d9e018483711e1e1a72a11a776f503998ba94e
Из github.com:maksimod/naim_bot
 * branch            main       -> FETCH_HEAD
[2025-04-23 16:02:03] Выполнен git fetch
[2025-04-23 16:02:03] Хеш коммита в origin/main: d5d9e018483711e1e1a72a11a776f503998ba94e
[2025-04-23 16:02:03] Изменений не обнаружено, перезапуск не требуется
[2025-04-23 16:02:03] Проверка обновлений завершена
[2025-04-23 16:03:01] Начинаю проверку обновлений в репозитории
[2025-04-23 16:03:01] Использую pm2 по пути: /usr/local/bin/pm2
[2025-04-23 16:03:01] Перешел в директорию репозитория: /home/user/naim_bot
[2025-04-23 16:03:01] Текущий хеш коммита: d5d9e018483711e1e1a72a11a776f503998ba94e
Из github.com:maksimod/naim_bot
 * branch            main       -> FETCH_HEAD
[2025-04-23 16:03:03] Выполнен git fetch
[2025-04-23 16:03:03] Хеш коммита в origin/main: d5d9e018483711e1e1a72a11a776f503998ba94e
[2025-04-23 16:03:03] Изменений не обнаружено, перезапуск не требуется
[2025-04-23 16:03:03] Проверка обновлений завершена
[2025-04-23 16:04:01] Начинаю проверку обновлений в репозитории
[2025-04-23 16:04:01] Использую pm2 по пути: /usr/local/bin/pm2
[2025-04-23 16:04:01] Перешел в директорию репозитория: /home/user/naim_bot
[2025-04-23 16:04:01] Текущий хеш коммита: d5d9e018483711e1e1a72a11a776f503998ba94e
Из github.com:maksimod/naim_bot
 * branch            main       -> FETCH_HEAD
[2025-04-23 16:04:04] Выполнен git fetch
[2025-04-23 16:04:04] Хеш коммита в origin/main: d5d9e018483711e1e1a72a11a776f503998ba94e
[2025-04-23 16:04:04] Изменений не обнаружено, перезапуск не требуется
[2025-04-23 16:04:04] Проверка обновлений завершена
[2025-04-23 16:05:01] Начинаю проверку обновлений в репозитории
[2025-04-23 16:05:01] Использую pm2 по пути: /usr/local/bin/pm2
[2025-04-23 16:05:01] Перешел в директорию репозитория: /home/user/naim_bot
[2025-04-23 16:05:01] Текущий хеш коммита: d5d9e018483711e1e1a72a11a776f503998ba94e
Из github.com:maksimod/naim_bot
 * branch            main       -> FETCH_HEAD
[2025-04-23 16:05:04] Выполнен git fetch
[2025-04-23 16:05:04] Хеш коммита в origin/main: d5d9e018483711e1e1a72a11a776f503998ba94e
[2025-04-23 16:05:04] Изменений не обнаружено, перезапуск не требуется
[2025-04-23 16:05:04] Проверка обновлений завершена
[2025-04-23 16:06:01] Начинаю проверку обновлений в репозитории
[2025-04-23 16:06:01] Использую pm2 по пути: /usr/local/bin/pm2
[2025-04-23 16:06:01] Перешел в директорию репозитория: /home/user/naim_bot
[2025-04-23 16:06:01] Текущий хеш коммита: d5d9e018483711e1e1a72a11a776f503998ba94e
Из github.com:maksimod/naim_bot
 * branch            main       -> FETCH_HEAD
[2025-04-23 16:06:03] Выполнен git fetch
[2025-04-23 16:06:03] Хеш коммита в origin/main: d5d9e018483711e1e1a72a11a776f503998ba94e
[2025-04-23 16:06:03] Изменений не обнаружено, перезапуск не требуется
[2025-04-23 16:06:03] Проверка обновлений завершена
[2025-04-23 16:07:01] Начинаю проверку обновлений в репозитории
[2025-04-23 16:07:01] Использую pm2 по пути: /usr/local/bin/pm2
[2025-04-23 16:07:01] Перешел в директорию репозитория: /home/user/naim_bot
[2025-04-23 16:07:01] Текущий хеш коммита: d5d9e018483711e1e1a72a11a776f503998ba94e
Из github.com:maksimod/naim_bot
 * branch            main       -> FETCH_HEAD
[2025-04-23 16:07:03] Выполнен git fetch
[2025-04-23 16:07:03] Хеш коммита в origin/main: d5d9e018483711e1e1a72a11a776f503998ba94e
[2025-04-23 16:07:03] Изменений не обнаружено, перезапуск не требуется
[2025-04-23 16:07:03] Проверка обновлений завершена
[2025-04-23 16:08:01] Начинаю проверку обновлений в репозитории
[2025-04-23 16:08:01] Использую pm2 по пути: /usr/local/bin/pm2
[2025-04-23 16:08:01] Перешел в директорию репозитория: /home/user/naim_bot
[2025-04-23 16:08:01] Текущий хеш коммита: d5d9e018483711e1e1a72a11a776f503998ba94e
Из github.com:maksimod/naim_bot
 * branch            main       -> FETCH_HEAD
[2025-04-23 16:08:03] Выполнен git fetch
[2025-04-23 16:08:03] Хеш коммита в origin/main: d5d9e018483711e1e1a72a11a776f503998ba94e
[2025-04-23 16:08:03] Изменений не обнаружено, перезапуск не требуется
[2025-04-23 16:08:03] Проверка обновлений завершена
[2025-04-23 16:09:01] Начинаю проверку обновлений в репозитории
[2025-04-23 16:09:01] Использую pm2 по пути: /usr/local/bin/pm2
[2025-04-23 16:09:01] Перешел в директорию репозитория: /home/user/naim_bot
[2025-04-23 16:09:01] Текущий хеш коммита: d5d9e018483711e1e1a72a11a776f503998ba94e
Из github.com:maksimod/naim_bot
 * branch            main       -> FETCH_HEAD
[2025-04-23 16:09:04] Выполнен git fetch
[2025-04-23 16:09:04] Хеш коммита в origin/main: d5d9e018483711e1e1a72a11a776f503998ba94e
[2025-04-23 16:09:04] Изменений не обнаружено, перезапуск не требуется
[2025-04-23 16:09:04] Проверка обновлений завершена
[2025-04-23 16:10:01] Начинаю проверку обновлений в репозитории
[2025-04-23 16:10:01] Использую pm2 по пути: /usr/local/bin/pm2
[2025-04-23 16:10:01] Перешел в директорию репозитория: /home/user/naim_bot
[2025-04-23 16:10:01] Текущий хеш коммита: d5d9e018483711e1e1a72a11a776f503998ba94e
Из github.com:maksimod/naim_bot
 * branch            main       -> FETCH_HEAD
[2025-04-23 16:10:03] Выполнен git fetch
[2025-04-23 16:10:03] Хеш коммита в origin/main: d5d9e018483711e1e1a72a11a776f503998ba94e
[2025-04-23 16:10:03] Изменений не обнаружено, перезапуск не требуется
[2025-04-23 16:10:03] Проверка обновлений завершена
[2025-04-23 16:11:01] Начинаю проверку обновлений в репозитории
[2025-04-23 16:11:01] Использую pm2 по пути: /usr/local/bin/pm2
[2025-04-23 16:11:01] Перешел в директорию репозитория: /home/user/naim_bot
[2025-04-23 16:11:01] Текущий хеш коммита: d5d9e018483711e1e1a72a11a776f503998ba94e
Из github.com:maksimod/naim_bot
 * branch            main       -> FETCH_HEAD
[2025-04-23 16:11:03] Выполнен git fetch
[2025-04-23 16:11:03] Хеш коммита в origin/main: d5d9e018483711e1e1a72a11a776f503998ba94e
[2025-04-23 16:11:03] Изменений не обнаружено, перезапуск не требуется
[2025-04-23 16:11:03] Проверка обновлений завершена
[2025-04-23 16:12:01] Начинаю проверку обновлений в репозитории
[2025-04-23 16:12:01] Использую pm2 по пути: /usr/local/bin/pm2
[2025-04-23 16:12:01] Перешел в директорию репозитория: /home/user/naim_bot
[2025-04-23 16:12:01] Текущий хеш коммита: d5d9e018483711e1e1a72a11a776f503998ba94e
Из github.com:maksimod/naim_bot
 * branch            main       -> FETCH_HEAD
[2025-04-23 16:12:03] Выполнен git fetch
[2025-04-23 16:12:03] Хеш коммита в origin/main: d5d9e018483711e1e1a72a11a776f503998ba94e
[2025-04-23 16:12:03] Изменений не обнаружено, перезапуск не требуется
[2025-04-23 16:12:03] Проверка обновлений завершена
[2025-04-23 16:13:01] Начинаю проверку обновлений в репозитории
[2025-04-23 16:13:01] Использую pm2 по пути: /usr/local/bin/pm2
[2025-04-23 16:13:01] Перешел в директорию репозитория: /home/user/naim_bot
[2025-04-23 16:13:01] Текущий хеш коммита: d5d9e018483711e1e1a72a11a776f503998ba94e
Из github.com:maksimod/naim_bot
 * branch            main       -> FETCH_HEAD
[2025-04-23 16:13:03] Выполнен git fetch
[2025-04-23 16:13:03] Хеш коммита в origin/main: d5d9e018483711e1e1a72a11a776f503998ba94e
[2025-04-23 16:13:03] Изменений не обнаружено, перезапуск не требуется
[2025-04-23 16:13:03] Проверка обновлений завершена
[2025-04-23 16:14:01] Начинаю проверку обновлений в репозитории
[2025-04-23 16:14:01] Использую pm2 по пути: /usr/local/bin/pm2
[2025-04-23 16:14:01] Перешел в директорию репозитория: /home/user/naim_bot
[2025-04-23 16:14:01] Текущий хеш коммита: d5d9e018483711e1e1a72a11a776f503998ba94e
Из github.com:maksimod/naim_bot
 * branch            main       -> FETCH_HEAD
[2025-04-23 16:14:03] Выполнен git fetch
[2025-04-23 16:14:03] Хеш коммита в origin/main: d5d9e018483711e1e1a72a11a776f503998ba94e
[2025-04-23 16:14:03] Изменений не обнаружено, перезапуск не требуется
[2025-04-23 16:14:03] Проверка обновлений завершена
[2025-04-23 16:15:01] Начинаю проверку обновлений в репозитории
[2025-04-23 16:15:01] Использую pm2 по пути: /usr/local/bin/pm2
[2025-04-23 16:15:01] Перешел в директорию репозитория: /home/user/naim_bot
[2025-04-23 16:15:01] Текущий хеш коммита: d5d9e018483711e1e1a72a11a776f503998ba94e
Из github.com:maksimod/naim_bot
 * branch            main       -> FETCH_HEAD
[2025-04-23 16:15:04] Выполнен git fetch
[2025-04-23 16:15:04] Хеш коммита в origin/main: d5d9e018483711e1e1a72a11a776f503998ba94e
[2025-04-23 16:15:04] Изменений не обнаружено, перезапуск не требуется
[2025-04-23 16:15:04] Проверка обновлений завершена
[2025-04-23 16:16:01] Начинаю проверку обновлений в репозитории
[2025-04-23 16:16:01] Использую pm2 по пути: /usr/local/bin/pm2
[2025-04-23 16:16:01] Перешел в директорию репозитория: /home/user/naim_bot
[2025-04-23 16:16:02] Текущий хеш коммита: d5d9e018483711e1e1a72a11a776f503998ba94e
Из github.com:maksimod/naim_bot
 * branch            main       -> FETCH_HEAD
[2025-04-23 16:16:04] Выполнен git fetch
[2025-04-23 16:16:04] Хеш коммита в origin/main: d5d9e018483711e1e1a72a11a776f503998ba94e
[2025-04-23 16:16:04] Изменений не обнаружено, перезапуск не требуется
[2025-04-23 16:16:04] Проверка обновлений завершена
[2025-04-23 16:17:01] Начинаю проверку обновлений в репозитории
[2025-04-23 16:17:01] Использую pm2 по пути: /usr/local/bin/pm2
[2025-04-23 16:17:01] Перешел в директорию репозитория: /home/user/naim_bot
[2025-04-23 16:17:01] Текущий хеш коммита: d5d9e018483711e1e1a72a11a776f503998ba94e
Из github.com:maksimod/naim_bot
 * branch            main       -> FETCH_HEAD
[2025-04-23 16:17:03] Выполнен git fetch
[2025-04-23 16:17:03] Хеш коммита в origin/main: d5d9e018483711e1e1a72a11a776f503998ba94e
[2025-04-23 16:17:03] Изменений не обнаружено, перезапуск не требуется
[2025-04-23 16:17:03] Проверка обновлений завершена
[2025-04-23 16:18:01] Начинаю проверку обновлений в репозитории
[2025-04-23 16:18:01] Использую pm2 по пути: /usr/local/bin/pm2
[2025-04-23 16:18:01] Перешел в директорию репозитория: /home/user/naim_bot
[2025-04-23 16:18:01] Текущий хеш коммита: d5d9e018483711e1e1a72a11a776f503998ba94e
Из github.com:maksimod/naim_bot
 * branch            main       -> FETCH_HEAD
[2025-04-23 16:18:03] Выполнен git fetch
[2025-04-23 16:18:03] Хеш коммита в origin/main: d5d9e018483711e1e1a72a11a776f503998ba94e
[2025-04-23 16:18:03] Изменений не обнаружено, перезапуск не требуется
[2025-04-23 16:18:03] Проверка обновлений завершена
[2025-04-23 16:19:01] Начинаю проверку обновлений в репозитории
[2025-04-23 16:19:01] Использую pm2 по пути: /usr/local/bin/pm2
[2025-04-23 16:19:01] Перешел в директорию репозитория: /home/user/naim_bot
[2025-04-23 16:19:01] Текущий хеш коммита: d5d9e018483711e1e1a72a11a776f503998ba94e
Из github.com:maksimod/naim_bot
 * branch            main       -> FETCH_HEAD
[2025-04-23 16:19:03] Выполнен git fetch
[2025-04-23 16:19:03] Хеш коммита в origin/main: d5d9e018483711e1e1a72a11a776f503998ba94e
[2025-04-23 16:19:03] Изменений не обнаружено, перезапуск не требуется
[2025-04-23 16:19:03] Проверка обновлений завершена
[2025-04-23 16:20:01] Начинаю проверку обновлений в репозитории
[2025-04-23 16:20:01] Использую pm2 по пути: /usr/local/bin/pm2
[2025-04-23 16:20:01] Перешел в директорию репозитория: /home/user/naim_bot
[2025-04-23 16:20:01] Текущий хеш коммита: d5d9e018483711e1e1a72a11a776f503998ba94e
Из github.com:maksimod/naim_bot
 * branch            main       -> FETCH_HEAD
[2025-04-23 16:20:03] Выполнен git fetch
[2025-04-23 16:20:03] Хеш коммита в origin/main: d5d9e018483711e1e1a72a11a776f503998ba94e
[2025-04-23 16:20:03] Изменений не обнаружено, перезапуск не требуется
[2025-04-23 16:20:03] Проверка обновлений завершена
[2025-04-23 16:21:02] Начинаю проверку обновлений в репозитории
[2025-04-23 16:21:02] Использую pm2 по пути: /usr/local/bin/pm2
[2025-04-23 16:21:02] Перешел в директорию репозитория: /home/user/naim_bot
[2025-04-23 16:21:02] Текущий хеш коммита: d5d9e018483711e1e1a72a11a776f503998ba94e
Из github.com:maksimod/naim_bot
 * branch            main       -> FETCH_HEAD
[2025-04-23 16:21:04] Выполнен git fetch
[2025-04-23 16:21:04] Хеш коммита в origin/main: d5d9e018483711e1e1a72a11a776f503998ba94e
[2025-04-23 16:21:04] Изменений не обнаружено, перезапуск не требуется
[2025-04-23 16:21:04] Проверка обновлений завершена
[2025-04-23 16:22:01] Начинаю проверку обновлений в репозитории
[2025-04-23 16:22:01] Использую pm2 по пути: /usr/local/bin/pm2
[2025-04-23 16:22:01] Перешел в директорию репозитория: /home/user/naim_bot
[2025-04-23 16:22:01] Текущий хеш коммита: d5d9e018483711e1e1a72a11a776f503998ba94e
Из github.com:maksimod/naim_bot
 * branch            main       -> FETCH_HEAD
[2025-04-23 16:22:03] Выполнен git fetch
[2025-04-23 16:22:03] Хеш коммита в origin/main: d5d9e018483711e1e1a72a11a776f503998ba94e
[2025-04-23 16:22:03] Изменений не обнаружено, перезапуск не требуется
[2025-04-23 16:22:03] Проверка обновлений завершена
[2025-04-23 16:23:01] Начинаю проверку обновлений в репозитории
[2025-04-23 16:23:01] Использую pm2 по пути: /usr/local/bin/pm2
[2025-04-23 16:23:01] Перешел в директорию репозитория: /home/user/naim_bot
[2025-04-23 16:23:01] Текущий хеш коммита: d5d9e018483711e1e1a72a11a776f503998ba94e
Из github.com:maksimod/naim_bot
 * branch            main       -> FETCH_HEAD
[2025-04-23 16:23:03] Выполнен git fetch
[2025-04-23 16:23:03] Хеш коммита в origin/main: d5d9e018483711e1e1a72a11a776f503998ba94e
[2025-04-23 16:23:03] Изменений не обнаружено, перезапуск не требуется
[2025-04-23 16:23:03] Проверка обновлений завершена
[2025-04-23 16:24:01] Начинаю проверку обновлений в репозитории
[2025-04-23 16:24:01] Использую pm2 по пути: /usr/local/bin/pm2
[2025-04-23 16:24:01] Перешел в директорию репозитория: /home/user/naim_bot
[2025-04-23 16:24:01] Текущий хеш коммита: d5d9e018483711e1e1a72a11a776f503998ba94e
Из github.com:maksimod/naim_bot
 * branch            main       -> FETCH_HEAD
[2025-04-23 16:24:04] Выполнен git fetch
[2025-04-23 16:24:04] Хеш коммита в origin/main: d5d9e018483711e1e1a72a11a776f503998ba94e
[2025-04-23 16:24:04] Изменений не обнаружено, перезапуск не требуется
[2025-04-23 16:24:04] Проверка обновлений завершена
[2025-04-23 16:25:01] Начинаю проверку обновлений в репозитории
[2025-04-23 16:25:01] Использую pm2 по пути: /usr/local/bin/pm2
[2025-04-23 16:25:01] Перешел в директорию репозитория: /home/user/naim_bot
[2025-04-23 16:25:01] Текущий хеш коммита: d5d9e018483711e1e1a72a11a776f503998ba94e
Из github.com:maksimod/naim_bot
 * branch            main       -> FETCH_HEAD
[2025-04-23 16:25:03] Выполнен git fetch
[2025-04-23 16:25:03] Хеш коммита в origin/main: d5d9e018483711e1e1a72a11a776f503998ba94e
[2025-04-23 16:25:03] Изменений не обнаружено, перезапуск не требуется
[2025-04-23 16:25:03] Проверка обновлений завершена
[2025-04-23 16:26:01] Начинаю проверку обновлений в репозитории
[2025-04-23 16:26:01] Использую pm2 по пути: /usr/local/bin/pm2
[2025-04-23 16:26:01] Перешел в директорию репозитория: /home/user/naim_bot
[2025-04-23 16:26:01] Текущий хеш коммита: d5d9e018483711e1e1a72a11a776f503998ba94e
Из github.com:maksimod/naim_bot
 * branch            main       -> FETCH_HEAD
[2025-04-23 16:26:05] Выполнен git fetch
[2025-04-23 16:26:05] Хеш коммита в origin/main: d5d9e018483711e1e1a72a11a776f503998ba94e
[2025-04-23 16:26:05] Изменений не обнаружено, перезапуск не требуется
[2025-04-23 16:26:05] Проверка обновлений завершена
[2025-04-23 16:27:01] Начинаю проверку обновлений в репозитории
[2025-04-23 16:27:01] Использую pm2 по пути: /usr/local/bin/pm2
[2025-04-23 16:27:01] Перешел в директорию репозитория: /home/user/naim_bot
[2025-04-23 16:27:01] Текущий хеш коммита: d5d9e018483711e1e1a72a11a776f503998ba94e
Из github.com:maksimod/naim_bot
 * branch            main       -> FETCH_HEAD
[2025-04-23 16:27:04] Выполнен git fetch
[2025-04-23 16:27:04] Хеш коммита в origin/main: d5d9e018483711e1e1a72a11a776f503998ba94e
[2025-04-23 16:27:04] Изменений не обнаружено, перезапуск не требуется
[2025-04-23 16:27:04] Проверка обновлений завершена
[2025-04-23 16:28:01] Начинаю проверку обновлений в репозитории
[2025-04-23 16:28:01] Использую pm2 по пути: /usr/local/bin/pm2
[2025-04-23 16:28:01] Перешел в директорию репозитория: /home/user/naim_bot
[2025-04-23 16:28:01] Текущий хеш коммита: d5d9e018483711e1e1a72a11a776f503998ba94e
Из github.com:maksimod/naim_bot
 * branch            main       -> FETCH_HEAD
[2025-04-23 16:28:03] Выполнен git fetch
[2025-04-23 16:28:03] Хеш коммита в origin/main: d5d9e018483711e1e1a72a11a776f503998ba94e
[2025-04-23 16:28:03] Изменений не обнаружено, перезапуск не требуется
[2025-04-23 16:28:03] Проверка обновлений завершена
[2025-04-23 16:29:01] Начинаю проверку обновлений в репозитории
[2025-04-23 16:29:01] Использую pm2 по пути: /usr/local/bin/pm2
[2025-04-23 16:29:01] Перешел в директорию репозитория: /home/user/naim_bot
[2025-04-23 16:29:01] Текущий хеш коммита: d5d9e018483711e1e1a72a11a776f503998ba94e
Из github.com:maksimod/naim_bot
 * branch            main       -> FETCH_HEAD
[2025-04-23 16:29:03] Выполнен git fetch
[2025-04-23 16:29:03] Хеш коммита в origin/main: d5d9e018483711e1e1a72a11a776f503998ba94e
[2025-04-23 16:29:03] Изменений не обнаружено, перезапуск не требуется
[2025-04-23 16:29:03] Проверка обновлений завершена
[2025-04-23 16:30:01] Начинаю проверку обновлений в репозитории
[2025-04-23 16:30:01] Использую pm2 по пути: /usr/local/bin/pm2
[2025-04-23 16:30:01] Перешел в директорию репозитория: /home/user/naim_bot
[2025-04-23 16:30:01] Текущий хеш коммита: d5d9e018483711e1e1a72a11a776f503998ba94e
Из github.com:maksimod/naim_bot
 * branch            main       -> FETCH_HEAD
[2025-04-23 16:30:03] Выполнен git fetch
[2025-04-23 16:30:03] Хеш коммита в origin/main: d5d9e018483711e1e1a72a11a776f503998ba94e
[2025-04-23 16:30:03] Изменений не обнаружено, перезапуск не требуется
[2025-04-23 16:30:03] Проверка обновлений завершена
[2025-04-23 16:31:02] Начинаю проверку обновлений в репозитории
[2025-04-23 16:31:02] Использую pm2 по пути: /usr/local/bin/pm2
[2025-04-23 16:31:02] Перешел в директорию репозитория: /home/user/naim_bot
[2025-04-23 16:31:02] Текущий хеш коммита: d5d9e018483711e1e1a72a11a776f503998ba94e
Из github.com:maksimod/naim_bot
 * branch            main       -> FETCH_HEAD
[2025-04-23 16:31:04] Выполнен git fetch
[2025-04-23 16:31:04] Хеш коммита в origin/main: d5d9e018483711e1e1a72a11a776f503998ba94e
[2025-04-23 16:31:04] Изменений не обнаружено, перезапуск не требуется
[2025-04-23 16:31:04] Проверка обновлений завершена
[2025-04-23 16:32:01] Начинаю проверку обновлений в репозитории
[2025-04-23 16:32:01] Использую pm2 по пути: /usr/local/bin/pm2
[2025-04-23 16:32:01] Перешел в директорию репозитория: /home/user/naim_bot
[2025-04-23 16:32:01] Текущий хеш коммита: d5d9e018483711e1e1a72a11a776f503998ba94e
Из github.com:maksimod/naim_bot
 * branch            main       -> FETCH_HEAD
[2025-04-23 16:32:03] Выполнен git fetch
[2025-04-23 16:32:03] Хеш коммита в origin/main: d5d9e018483711e1e1a72a11a776f503998ba94e
[2025-04-23 16:32:03] Изменений не обнаружено, перезапуск не требуется
[2025-04-23 16:32:03] Проверка обновлений завершена
[2025-04-23 16:33:01] Начинаю проверку обновлений в репозитории
[2025-04-23 16:33:01] Использую pm2 по пути: /usr/local/bin/pm2
[2025-04-23 16:33:01] Перешел в директорию репозитория: /home/user/naim_bot
[2025-04-23 16:33:01] Текущий хеш коммита: d5d9e018483711e1e1a72a11a776f503998ba94e
Из github.com:maksimod/naim_bot
 * branch            main       -> FETCH_HEAD
[2025-04-23 16:33:04] Выполнен git fetch
[2025-04-23 16:33:04] Хеш коммита в origin/main: d5d9e018483711e1e1a72a11a776f503998ba94e
[2025-04-23 16:33:04] Изменений не обнаружено, перезапуск не требуется
[2025-04-23 16:33:04] Проверка обновлений завершена
[2025-04-23 16:34:01] Начинаю проверку обновлений в репозитории
[2025-04-23 16:34:01] Использую pm2 по пути: /usr/local/bin/pm2
[2025-04-23 16:34:01] Перешел в директорию репозитория: /home/user/naim_bot
[2025-04-23 16:34:01] Текущий хеш коммита: d5d9e018483711e1e1a72a11a776f503998ba94e
Из github.com:maksimod/naim_bot
 * branch            main       -> FETCH_HEAD
[2025-04-23 16:34:03] Выполнен git fetch
[2025-04-23 16:34:03] Хеш коммита в origin/main: d5d9e018483711e1e1a72a11a776f503998ba94e
[2025-04-23 16:34:03] Изменений не обнаружено, перезапуск не требуется
[2025-04-23 16:34:03] Проверка обновлений завершена
[2025-04-23 16:35:01] Начинаю проверку обновлений в репозитории
[2025-04-23 16:35:01] Использую pm2 по пути: /usr/local/bin/pm2
[2025-04-23 16:35:01] Перешел в директорию репозитория: /home/user/naim_bot
[2025-04-23 16:35:01] Текущий хеш коммита: d5d9e018483711e1e1a72a11a776f503998ba94e
Из github.com:maksimod/naim_bot
 * branch            main       -> FETCH_HEAD
[2025-04-23 16:35:03] Выполнен git fetch
[2025-04-23 16:35:03] Хеш коммита в origin/main: d5d9e018483711e1e1a72a11a776f503998ba94e
[2025-04-23 16:35:03] Изменений не обнаружено, перезапуск не требуется
[2025-04-23 16:35:03] Проверка обновлений завершена
[2025-04-23 16:36:01] Начинаю проверку обновлений в репозитории
[2025-04-23 16:36:01] Использую pm2 по пути: /usr/local/bin/pm2
[2025-04-23 16:36:01] Перешел в директорию репозитория: /home/user/naim_bot
[2025-04-23 16:36:01] Текущий хеш коммита: d5d9e018483711e1e1a72a11a776f503998ba94e
Из github.com:maksimod/naim_bot
 * branch            main       -> FETCH_HEAD
[2025-04-23 16:36:04] Выполнен git fetch
[2025-04-23 16:36:04] Хеш коммита в origin/main: d5d9e018483711e1e1a72a11a776f503998ba94e
[2025-04-23 16:36:04] Изменений не обнаружено, перезапуск не требуется
[2025-04-23 16:36:04] Проверка обновлений завершена
[2025-04-23 16:37:01] Начинаю проверку обновлений в репозитории
[2025-04-23 16:37:01] Использую pm2 по пути: /usr/local/bin/pm2
[2025-04-23 16:37:01] Перешел в директорию репозитория: /home/user/naim_bot
[2025-04-23 16:37:01] Текущий хеш коммита: d5d9e018483711e1e1a72a11a776f503998ba94e
Из github.com:maksimod/naim_bot
 * branch            main       -> FETCH_HEAD
[2025-04-23 16:37:03] Выполнен git fetch
[2025-04-23 16:37:03] Хеш коммита в origin/main: d5d9e018483711e1e1a72a11a776f503998ba94e
[2025-04-23 16:37:03] Изменений не обнаружено, перезапуск не требуется
[2025-04-23 16:37:03] Проверка обновлений завершена
[2025-04-23 16:38:01] Начинаю проверку обновлений в репозитории
[2025-04-23 16:38:01] Использую pm2 по пути: /usr/local/bin/pm2
[2025-04-23 16:38:01] Перешел в директорию репозитория: /home/user/naim_bot
[2025-04-23 16:38:01] Текущий хеш коммита: d5d9e018483711e1e1a72a11a776f503998ba94e
Из github.com:maksimod/naim_bot
 * branch            main       -> FETCH_HEAD
[2025-04-23 16:38:04] Выполнен git fetch
[2025-04-23 16:38:04] Хеш коммита в origin/main: d5d9e018483711e1e1a72a11a776f503998ba94e
[2025-04-23 16:38:04] Изменений не обнаружено, перезапуск не требуется
[2025-04-23 16:38:04] Проверка обновлений завершена
[2025-04-23 16:39:01] Начинаю проверку обновлений в репозитории
[2025-04-23 16:39:01] Использую pm2 по пути: /usr/local/bin/pm2
[2025-04-23 16:39:01] Перешел в директорию репозитория: /home/user/naim_bot
[2025-04-23 16:39:01] Текущий хеш коммита: d5d9e018483711e1e1a72a11a776f503998ba94e
Из github.com:maksimod/naim_bot
 * branch            main       -> FETCH_HEAD
[2025-04-23 16:39:03] Выполнен git fetch
[2025-04-23 16:39:03] Хеш коммита в origin/main: d5d9e018483711e1e1a72a11a776f503998ba94e
[2025-04-23 16:39:03] Изменений не обнаружено, перезапуск не требуется
[2025-04-23 16:39:03] Проверка обновлений завершена
[2025-04-23 16:40:01] Начинаю проверку обновлений в репозитории
[2025-04-23 16:40:01] Использую pm2 по пути: /usr/local/bin/pm2
[2025-04-23 16:40:01] Перешел в директорию репозитория: /home/user/naim_bot
[2025-04-23 16:40:01] Текущий хеш коммита: d5d9e018483711e1e1a72a11a776f503998ba94e
Из github.com:maksimod/naim_bot
 * branch            main       -> FETCH_HEAD
[2025-04-23 16:40:03] Выполнен git fetch
[2025-04-23 16:40:03] Хеш коммита в origin/main: d5d9e018483711e1e1a72a11a776f503998ba94e
[2025-04-23 16:40:03] Изменений не обнаружено, перезапуск не требуется
[2025-04-23 16:40:03] Проверка обновлений завершена
[2025-04-23 16:41:01] Начинаю проверку обновлений в репозитории
[2025-04-23 16:41:01] Использую pm2 по пути: /usr/local/bin/pm2
[2025-04-23 16:41:01] Перешел в директорию репозитория: /home/user/naim_bot
[2025-04-23 16:41:01] Текущий хеш коммита: d5d9e018483711e1e1a72a11a776f503998ba94e
Из github.com:maksimod/naim_bot
 * branch            main       -> FETCH_HEAD
[2025-04-23 16:41:03] Выполнен git fetch
[2025-04-23 16:41:03] Хеш коммита в origin/main: d5d9e018483711e1e1a72a11a776f503998ba94e
[2025-04-23 16:41:04] Изменений не обнаружено, перезапуск не требуется
[2025-04-23 16:41:04] Проверка обновлений завершена
[2025-04-23 16:42:01] Начинаю проверку обновлений в репозитории
[2025-04-23 16:42:01] Использую pm2 по пути: /usr/local/bin/pm2
[2025-04-23 16:42:01] Перешел в директорию репозитория: /home/user/naim_bot
[2025-04-23 16:42:01] Текущий хеш коммита: d5d9e018483711e1e1a72a11a776f503998ba94e
Из github.com:maksimod/naim_bot
 * branch            main       -> FETCH_HEAD
[2025-04-23 16:42:03] Выполнен git fetch
[2025-04-23 16:42:03] Хеш коммита в origin/main: d5d9e018483711e1e1a72a11a776f503998ba94e
[2025-04-23 16:42:03] Изменений не обнаружено, перезапуск не требуется
[2025-04-23 16:42:03] Проверка обновлений завершена
[2025-04-23 16:43:01] Начинаю проверку обновлений в репозитории
[2025-04-23 16:43:01] Использую pm2 по пути: /usr/local/bin/pm2
[2025-04-23 16:43:01] Перешел в директорию репозитория: /home/user/naim_bot
[2025-04-23 16:43:01] Текущий хеш коммита: d5d9e018483711e1e1a72a11a776f503998ba94e
Из github.com:maksimod/naim_bot
 * branch            main       -> FETCH_HEAD
[2025-04-23 16:43:03] Выполнен git fetch
[2025-04-23 16:43:03] Хеш коммита в origin/main: d5d9e018483711e1e1a72a11a776f503998ba94e
[2025-04-23 16:43:03] Изменений не обнаружено, перезапуск не требуется
[2025-04-23 16:43:03] Проверка обновлений завершена
[2025-04-23 16:44:01] Начинаю проверку обновлений в репозитории
[2025-04-23 16:44:01] Использую pm2 по пути: /usr/local/bin/pm2
[2025-04-23 16:44:01] Перешел в директорию репозитория: /home/user/naim_bot
[2025-04-23 16:44:01] Текущий хеш коммита: d5d9e018483711e1e1a72a11a776f503998ba94e
Из github.com:maksimod/naim_bot
 * branch            main       -> FETCH_HEAD
[2025-04-23 16:44:03] Выполнен git fetch
[2025-04-23 16:44:03] Хеш коммита в origin/main: d5d9e018483711e1e1a72a11a776f503998ba94e
[2025-04-23 16:44:03] Изменений не обнаружено, перезапуск не требуется
[2025-04-23 16:44:03] Проверка обновлений завершена
[2025-04-23 16:45:01] Начинаю проверку обновлений в репозитории
[2025-04-23 16:45:01] Использую pm2 по пути: /usr/local/bin/pm2
[2025-04-23 16:45:01] Перешел в директорию репозитория: /home/user/naim_bot
[2025-04-23 16:45:01] Текущий хеш коммита: d5d9e018483711e1e1a72a11a776f503998ba94e
Из github.com:maksimod/naim_bot
 * branch            main       -> FETCH_HEAD
[2025-04-23 16:45:04] Выполнен git fetch
[2025-04-23 16:45:04] Хеш коммита в origin/main: d5d9e018483711e1e1a72a11a776f503998ba94e
[2025-04-23 16:45:04] Изменений не обнаружено, перезапуск не требуется
[2025-04-23 16:45:04] Проверка обновлений завершена
[2025-04-23 16:46:01] Начинаю проверку обновлений в репозитории
[2025-04-23 16:46:01] Использую pm2 по пути: /usr/local/bin/pm2
[2025-04-23 16:46:01] Перешел в директорию репозитория: /home/user/naim_bot
[2025-04-23 16:46:01] Текущий хеш коммита: d5d9e018483711e1e1a72a11a776f503998ba94e
Из github.com:maksimod/naim_bot
 * branch            main       -> FETCH_HEAD
[2025-04-23 16:46:03] Выполнен git fetch
[2025-04-23 16:46:03] Хеш коммита в origin/main: d5d9e018483711e1e1a72a11a776f503998ba94e
[2025-04-23 16:46:03] Изменений не обнаружено, перезапуск не требуется
[2025-04-23 16:46:03] Проверка обновлений завершена
[2025-04-23 16:47:01] Начинаю проверку обновлений в репозитории
[2025-04-23 16:47:01] Использую pm2 по пути: /usr/local/bin/pm2
[2025-04-23 16:47:01] Перешел в директорию репозитория: /home/user/naim_bot
[2025-04-23 16:47:01] Текущий хеш коммита: d5d9e018483711e1e1a72a11a776f503998ba94e
Из github.com:maksimod/naim_bot
 * branch            main       -> FETCH_HEAD
[2025-04-23 16:47:03] Выполнен git fetch
[2025-04-23 16:47:03] Хеш коммита в origin/main: d5d9e018483711e1e1a72a11a776f503998ba94e
[2025-04-23 16:47:03] Изменений не обнаружено, перезапуск не требуется
[2025-04-23 16:47:03] Проверка обновлений завершена
[2025-04-23 16:48:01] Начинаю проверку обновлений в репозитории
[2025-04-23 16:48:01] Использую pm2 по пути: /usr/local/bin/pm2
[2025-04-23 16:48:01] Перешел в директорию репозитория: /home/user/naim_bot
[2025-04-23 16:48:01] Текущий хеш коммита: d5d9e018483711e1e1a72a11a776f503998ba94e
Из github.com:maksimod/naim_bot
 * branch            main       -> FETCH_HEAD
[2025-04-23 16:48:03] Выполнен git fetch
[2025-04-23 16:48:03] Хеш коммита в origin/main: d5d9e018483711e1e1a72a11a776f503998ba94e
[2025-04-23 16:48:03] Изменений не обнаружено, перезапуск не требуется
[2025-04-23 16:48:03] Проверка обновлений завершена
[2025-04-23 16:49:01] Начинаю проверку обновлений в репозитории
[2025-04-23 16:49:01] Использую pm2 по пути: /usr/local/bin/pm2
[2025-04-23 16:49:01] Перешел в директорию репозитория: /home/user/naim_bot
[2025-04-23 16:49:01] Текущий хеш коммита: d5d9e018483711e1e1a72a11a776f503998ba94e
Из github.com:maksimod/naim_bot
 * branch            main       -> FETCH_HEAD
[2025-04-23 16:49:03] Выполнен git fetch
[2025-04-23 16:49:03] Хеш коммита в origin/main: d5d9e018483711e1e1a72a11a776f503998ba94e
[2025-04-23 16:49:03] Изменений не обнаружено, перезапуск не требуется
[2025-04-23 16:49:03] Проверка обновлений завершена
[2025-04-23 16:50:02] Начинаю проверку обновлений в репозитории
[2025-04-23 16:50:02] Использую pm2 по пути: /usr/local/bin/pm2
[2025-04-23 16:50:02] Перешел в директорию репозитория: /home/user/naim_bot
[2025-04-23 16:50:02] Текущий хеш коммита: d5d9e018483711e1e1a72a11a776f503998ba94e
Из github.com:maksimod/naim_bot
 * branch            main       -> FETCH_HEAD
[2025-04-23 16:50:04] Выполнен git fetch
[2025-04-23 16:50:04] Хеш коммита в origin/main: d5d9e018483711e1e1a72a11a776f503998ba94e
[2025-04-23 16:50:04] Изменений не обнаружено, перезапуск не требуется
[2025-04-23 16:50:04] Проверка обновлений завершена
[2025-04-23 16:51:01] Начинаю проверку обновлений в репозитории
[2025-04-23 16:51:01] Использую pm2 по пути: /usr/local/bin/pm2
[2025-04-23 16:51:01] Перешел в директорию репозитория: /home/user/naim_bot
[2025-04-23 16:51:01] Текущий хеш коммита: d5d9e018483711e1e1a72a11a776f503998ba94e
Из github.com:maksimod/naim_bot
 * branch            main       -> FETCH_HEAD
[2025-04-23 16:51:04] Выполнен git fetch
[2025-04-23 16:51:04] Хеш коммита в origin/main: d5d9e018483711e1e1a72a11a776f503998ba94e
[2025-04-23 16:51:04] Изменений не обнаружено, перезапуск не требуется
[2025-04-23 16:51:04] Проверка обновлений завершена
[2025-04-23 16:52:01] Начинаю проверку обновлений в репозитории
[2025-04-23 16:52:01] Использую pm2 по пути: /usr/local/bin/pm2
[2025-04-23 16:52:01] Перешел в директорию репозитория: /home/user/naim_bot
[2025-04-23 16:52:01] Текущий хеш коммита: d5d9e018483711e1e1a72a11a776f503998ba94e
Из github.com:maksimod/naim_bot
 * branch            main       -> FETCH_HEAD
[2025-04-23 16:52:03] Выполнен git fetch
[2025-04-23 16:52:03] Хеш коммита в origin/main: d5d9e018483711e1e1a72a11a776f503998ba94e
[2025-04-23 16:52:03] Изменений не обнаружено, перезапуск не требуется
[2025-04-23 16:52:03] Проверка обновлений завершена
[2025-04-23 16:53:01] Начинаю проверку обновлений в репозитории
[2025-04-23 16:53:01] Использую pm2 по пути: /usr/local/bin/pm2
[2025-04-23 16:53:01] Перешел в директорию репозитория: /home/user/naim_bot
[2025-04-23 16:53:01] Текущий хеш коммита: d5d9e018483711e1e1a72a11a776f503998ba94e
Из github.com:maksimod/naim_bot
 * branch            main       -> FETCH_HEAD
[2025-04-23 16:53:03] Выполнен git fetch
[2025-04-23 16:53:03] Хеш коммита в origin/main: d5d9e018483711e1e1a72a11a776f503998ba94e
[2025-04-23 16:53:03] Изменений не обнаружено, перезапуск не требуется
[2025-04-23 16:53:03] Проверка обновлений завершена
[2025-04-23 16:54:01] Начинаю проверку обновлений в репозитории
[2025-04-23 16:54:01] Использую pm2 по пути: /usr/local/bin/pm2
[2025-04-23 16:54:01] Перешел в директорию репозитория: /home/user/naim_bot
[2025-04-23 16:54:01] Текущий хеш коммита: d5d9e018483711e1e1a72a11a776f503998ba94e
Из github.com:maksimod/naim_bot
 * branch            main       -> FETCH_HEAD
[2025-04-23 16:54:04] Выполнен git fetch
[2025-04-23 16:54:04] Хеш коммита в origin/main: d5d9e018483711e1e1a72a11a776f503998ba94e
[2025-04-23 16:54:04] Изменений не обнаружено, перезапуск не требуется
[2025-04-23 16:54:04] Проверка обновлений завершена
[2025-04-23 16:55:01] Начинаю проверку обновлений в репозитории
[2025-04-23 16:55:01] Использую pm2 по пути: /usr/local/bin/pm2
[2025-04-23 16:55:01] Перешел в директорию репозитория: /home/user/naim_bot
[2025-04-23 16:55:01] Текущий хеш коммита: d5d9e018483711e1e1a72a11a776f503998ba94e
Из github.com:maksimod/naim_bot
 * branch            main       -> FETCH_HEAD
[2025-04-23 16:55:03] Выполнен git fetch
[2025-04-23 16:55:03] Хеш коммита в origin/main: d5d9e018483711e1e1a72a11a776f503998ba94e
[2025-04-23 16:55:03] Изменений не обнаружено, перезапуск не требуется
[2025-04-23 16:55:03] Проверка обновлений завершена
[2025-04-23 16:56:01] Начинаю проверку обновлений в репозитории
[2025-04-23 16:56:01] Использую pm2 по пути: /usr/local/bin/pm2
[2025-04-23 16:56:01] Перешел в директорию репозитория: /home/user/naim_bot
[2025-04-23 16:56:01] Текущий хеш коммита: d5d9e018483711e1e1a72a11a776f503998ba94e
Из github.com:maksimod/naim_bot
 * branch            main       -> FETCH_HEAD
[2025-04-23 16:56:04] Выполнен git fetch
[2025-04-23 16:56:04] Хеш коммита в origin/main: d5d9e018483711e1e1a72a11a776f503998ba94e
[2025-04-23 16:56:04] Изменений не обнаружено, перезапуск не требуется
[2025-04-23 16:56:04] Проверка обновлений завершена
[2025-04-23 16:57:01] Начинаю проверку обновлений в репозитории
[2025-04-23 16:57:01] Использую pm2 по пути: /usr/local/bin/pm2
[2025-04-23 16:57:01] Перешел в директорию репозитория: /home/user/naim_bot
[2025-04-23 16:57:01] Текущий хеш коммита: d5d9e018483711e1e1a72a11a776f503998ba94e
Из github.com:maksimod/naim_bot
 * branch            main       -> FETCH_HEAD
[2025-04-23 16:57:03] Выполнен git fetch
[2025-04-23 16:57:03] Хеш коммита в origin/main: d5d9e018483711e1e1a72a11a776f503998ba94e
[2025-04-23 16:57:03] Изменений не обнаружено, перезапуск не требуется
[2025-04-23 16:57:03] Проверка обновлений завершена
[2025-04-23 16:58:01] Начинаю проверку обновлений в репозитории
[2025-04-23 16:58:01] Использую pm2 по пути: /usr/local/bin/pm2
[2025-04-23 16:58:01] Перешел в директорию репозитория: /home/user/naim_bot
[2025-04-23 16:58:01] Текущий хеш коммита: d5d9e018483711e1e1a72a11a776f503998ba94e
Из github.com:maksimod/naim_bot
 * branch            main       -> FETCH_HEAD
[2025-04-23 16:58:03] Выполнен git fetch
[2025-04-23 16:58:03] Хеш коммита в origin/main: d5d9e018483711e1e1a72a11a776f503998ba94e
[2025-04-23 16:58:03] Изменений не обнаружено, перезапуск не требуется
[2025-04-23 16:58:03] Проверка обновлений завершена
[2025-04-23 16:59:01] Начинаю проверку обновлений в репозитории
[2025-04-23 16:59:01] Использую pm2 по пути: /usr/local/bin/pm2
[2025-04-23 16:59:01] Перешел в директорию репозитория: /home/user/naim_bot
[2025-04-23 16:59:01] Текущий хеш коммита: d5d9e018483711e1e1a72a11a776f503998ba94e
Из github.com:maksimod/naim_bot
 * branch            main       -> FETCH_HEAD
[2025-04-23 16:59:03] Выполнен git fetch
[2025-04-23 16:59:04] Хеш коммита в origin/main: d5d9e018483711e1e1a72a11a776f503998ba94e
[2025-04-23 16:59:04] Изменений не обнаружено, перезапуск не требуется
[2025-04-23 16:59:04] Проверка обновлений завершена
[2025-04-23 17:00:01] Начинаю проверку обновлений в репозитории
[2025-04-23 17:00:01] Использую pm2 по пути: /usr/local/bin/pm2
[2025-04-23 17:00:01] Перешел в директорию репозитория: /home/user/naim_bot
[2025-04-23 17:00:01] Текущий хеш коммита: d5d9e018483711e1e1a72a11a776f503998ba94e
Из github.com:maksimod/naim_bot
 * branch            main       -> FETCH_HEAD
[2025-04-23 17:00:03] Выполнен git fetch
[2025-04-23 17:00:03] Хеш коммита в origin/main: d5d9e018483711e1e1a72a11a776f503998ba94e
[2025-04-23 17:00:03] Изменений не обнаружено, перезапуск не требуется
[2025-04-23 17:00:03] Проверка обновлений завершена
[2025-04-23 17:01:01] Начинаю проверку обновлений в репозитории
[2025-04-23 17:01:01] Использую pm2 по пути: /usr/local/bin/pm2
[2025-04-23 17:01:01] Перешел в директорию репозитория: /home/user/naim_bot
[2025-04-23 17:01:01] Текущий хеш коммита: d5d9e018483711e1e1a72a11a776f503998ba94e
Из github.com:maksimod/naim_bot
 * branch            main       -> FETCH_HEAD
[2025-04-23 17:01:03] Выполнен git fetch
[2025-04-23 17:01:03] Хеш коммита в origin/main: d5d9e018483711e1e1a72a11a776f503998ba94e
[2025-04-23 17:01:03] Изменений не обнаружено, перезапуск не требуется
[2025-04-23 17:01:03] Проверка обновлений завершена
[2025-04-23 17:02:01] Начинаю проверку обновлений в репозитории
[2025-04-23 17:02:01] Использую pm2 по пути: /usr/local/bin/pm2
[2025-04-23 17:02:01] Перешел в директорию репозитория: /home/user/naim_bot
[2025-04-23 17:02:01] Текущий хеш коммита: d5d9e018483711e1e1a72a11a776f503998ba94e
Из github.com:maksimod/naim_bot
 * branch            main       -> FETCH_HEAD
[2025-04-23 17:02:03] Выполнен git fetch
[2025-04-23 17:02:03] Хеш коммита в origin/main: d5d9e018483711e1e1a72a11a776f503998ba94e
[2025-04-23 17:02:03] Изменений не обнаружено, перезапуск не требуется
[2025-04-23 17:02:03] Проверка обновлений завершена
[2025-04-23 17:03:01] Начинаю проверку обновлений в репозитории
[2025-04-23 17:03:01] Использую pm2 по пути: /usr/local/bin/pm2
[2025-04-23 17:03:01] Перешел в директорию репозитория: /home/user/naim_bot
[2025-04-23 17:03:01] Текущий хеш коммита: d5d9e018483711e1e1a72a11a776f503998ba94e
Из github.com:maksimod/naim_bot
 * branch            main       -> FETCH_HEAD
[2025-04-23 17:03:04] Выполнен git fetch
[2025-04-23 17:03:04] Хеш коммита в origin/main: d5d9e018483711e1e1a72a11a776f503998ba94e
[2025-04-23 17:03:04] Изменений не обнаружено, перезапуск не требуется
[2025-04-23 17:03:04] Проверка обновлений завершена
[2025-04-23 17:04:01] Начинаю проверку обновлений в репозитории
[2025-04-23 17:04:01] Использую pm2 по пути: /usr/local/bin/pm2
[2025-04-23 17:04:01] Перешел в директорию репозитория: /home/user/naim_bot
[2025-04-23 17:04:01] Текущий хеш коммита: d5d9e018483711e1e1a72a11a776f503998ba94e
Из github.com:maksimod/naim_bot
 * branch            main       -> FETCH_HEAD
[2025-04-23 17:04:03] Выполнен git fetch
[2025-04-23 17:04:03] Хеш коммита в origin/main: d5d9e018483711e1e1a72a11a776f503998ba94e
[2025-04-23 17:04:03] Изменений не обнаружено, перезапуск не требуется
[2025-04-23 17:04:03] Проверка обновлений завершена
[2025-04-23 17:05:01] Начинаю проверку обновлений в репозитории
[2025-04-23 17:05:01] Использую pm2 по пути: /usr/local/bin/pm2
[2025-04-23 17:05:01] Перешел в директорию репозитория: /home/user/naim_bot
[2025-04-23 17:05:01] Текущий хеш коммита: d5d9e018483711e1e1a72a11a776f503998ba94e
Из github.com:maksimod/naim_bot
 * branch            main       -> FETCH_HEAD
[2025-04-23 17:05:03] Выполнен git fetch
[2025-04-23 17:05:03] Хеш коммита в origin/main: d5d9e018483711e1e1a72a11a776f503998ba94e
[2025-04-23 17:05:03] Изменений не обнаружено, перезапуск не требуется
[2025-04-23 17:05:03] Проверка обновлений завершена
[2025-04-23 17:06:01] Начинаю проверку обновлений в репозитории
[2025-04-23 17:06:01] Использую pm2 по пути: /usr/local/bin/pm2
[2025-04-23 17:06:01] Перешел в директорию репозитория: /home/user/naim_bot
[2025-04-23 17:06:01] Текущий хеш коммита: d5d9e018483711e1e1a72a11a776f503998ba94e
Из github.com:maksimod/naim_bot
 * branch            main       -> FETCH_HEAD
[2025-04-23 17:06:03] Выполнен git fetch
[2025-04-23 17:06:03] Хеш коммита в origin/main: d5d9e018483711e1e1a72a11a776f503998ba94e
[2025-04-23 17:06:03] Изменений не обнаружено, перезапуск не требуется
[2025-04-23 17:06:03] Проверка обновлений завершена
[2025-04-23 17:07:01] Начинаю проверку обновлений в репозитории
[2025-04-23 17:07:01] Использую pm2 по пути: /usr/local/bin/pm2
[2025-04-23 17:07:01] Перешел в директорию репозитория: /home/user/naim_bot
[2025-04-23 17:07:01] Текущий хеш коммита: d5d9e018483711e1e1a72a11a776f503998ba94e
Из github.com:maksimod/naim_bot
 * branch            main       -> FETCH_HEAD
[2025-04-23 17:07:04] Выполнен git fetch
[2025-04-23 17:07:04] Хеш коммита в origin/main: d5d9e018483711e1e1a72a11a776f503998ba94e
[2025-04-23 17:07:04] Изменений не обнаружено, перезапуск не требуется
[2025-04-23 17:07:04] Проверка обновлений завершена
[2025-04-23 17:08:01] Начинаю проверку обновлений в репозитории
[2025-04-23 17:08:01] Использую pm2 по пути: /usr/local/bin/pm2
[2025-04-23 17:08:01] Перешел в директорию репозитория: /home/user/naim_bot
[2025-04-23 17:08:01] Текущий хеш коммита: d5d9e018483711e1e1a72a11a776f503998ba94e
Из github.com:maksimod/naim_bot
 * branch            main       -> FETCH_HEAD
   d5d9e01..2f6ec7d  main       -> origin/main
[2025-04-23 17:08:03] Выполнен git fetch
[2025-04-23 17:08:03] Хеш коммита в origin/main: 2f6ec7d4828bc572b8f4b6c10b04d497961f86c0
[2025-04-23 17:08:03] Обнаружены изменения, выполняю git pull...
Из github.com:maksimod/naim_bot
 * branch            main       -> FETCH_HEAD
Обновление d5d9e01..2f6ec7d
Fast-forward
 candidate_bot.py               |  5 ++++-
 handlers/button_handlers.py    |  6 ++++++
 handlers/candidate_handlers.py | 39 ++++++++++++++++++++++++++++++++++++++-
 recruiter_bot.py               | 26 +++++++++++++++++++++-----
 4 files changed, 69 insertions(+), 7 deletions(-)
Получены изменения из удаленного репозитория
Перезапуск PM2 процессов...
.git/hooks/post-merge: строка 7: pm2: команда не найдена
.git/hooks/post-merge: строка 8: pm2: команда не найдена
Перезапуск выполнен успешно!
[2025-04-23 17:08:05] Git pull успешно выполнен
[2025-04-23 17:08:05] Ожидаю 10 секунд перед перезапуском PM2 процессов...
[2025-04-23 17:08:15] Перезапускаю candidate_bot...
Use --update-env to update environment variables
[PM2] Applying action restartProcessId on app [candidate_bot](ids: [ 10 ])
[PM2] [candidate_bot](10) ✓
┌────┬───────────────────────────────┬─────────────┬─────────┬─────────┬──────────┬────────┬──────┬───────────┬──────────┬──────────┬──────────┬──────────┐
│ id │ name                          │ namespace   │ version │ mode    │ pid      │ uptime │ ↺    │ status    │ cpu      │ mem      │ user     │ watching │
├────┼───────────────────────────────┼─────────────┼─────────┼─────────┼──────────┼────────┼──────┼───────────┼──────────┼──────────┼──────────┼──────────┤
│ 10 │ candidate_bot                 │ default     │ N/A     │ fork    │ 120218   │ 0s     │ 307  │ online    │ 0%       │ 6.8mb    │ user     │ disabled │
│ 3  │ google_meet_bot               │ default     │ N/A     │ fork    │ 119003   │ 34m    │ 0    │ online    │ 0%       │ 67.5mb   │ user     │ disabled │
│ 9  │ iqbanana_online-backend       │ default     │ N/A     │ fork    │ 3073     │ 3D     │ 1    │ online    │ 0%       │ 84.0mb   │ user     │ disabled │
│ 8  │ iqbanana_online-frontend      │ default     │ N/A     │ fork    │ 2841     │ 3D     │ 2    │ online    │ 0%       │ 82.6mb   │ user     │ disabled │
│ 2  │ modern_n8n_site-backend       │ default     │ N/A     │ fork    │ 889      │ 3D     │ 0    │ online    │ 0%       │ 83.2mb   │ user     │ disabled │
│ 1  │ modern_n8n_site-frontend      │ default     │ N/A     │ fork    │ 765      │ 3D     │ 0    │ online    │ 0%       │ 83.8mb   │ user     │ disabled │
│ 4  │ myownworldproject-backend     │ default     │ N/A     │ cluster │ 1010     │ 3D     │ 0    │ online    │ 0%       │ 81.3mb   │ user     │ disabled │
│ 5  │ myownworldproject-frontend    │ default     │ N/A     │ cluster │ 1041     │ 3D     │ 0    │ online    │ 0%       │ 81.2mb   │ user     │ disabled │
│ 11 │ recruiter_bot                 │ default     │ N/A     │ fork    │ 76618    │ 31h    │ 392  │ online    │ 0%       │ 49.6mb   │ user     │ disabled │
└────┴───────────────────────────────┴─────────────┴─────────┴─────────┴──────────┴────────┴──────┴───────────┴──────────┴──────────┴──────────┴──────────┘
[2025-04-23 17:08:16] Перезапускаю recruiter_bot...
Use --update-env to update environment variables
[PM2] Applying action restartProcessId on app [recruiter_bot](ids: [ 11 ])
[PM2] [recruiter_bot](11) ✓
┌────┬───────────────────────────────┬─────────────┬─────────┬─────────┬──────────┬────────┬──────┬───────────┬──────────┬──────────┬──────────┬──────────┐
│ id │ name                          │ namespace   │ version │ mode    │ pid      │ uptime │ ↺    │ status    │ cpu      │ mem      │ user     │ watching │
├────┼───────────────────────────────┼─────────────┼─────────┼─────────┼──────────┼────────┼──────┼───────────┼──────────┼──────────┼──────────┼──────────┤
│ 10 │ candidate_bot                 │ default     │ N/A     │ fork    │ 120218   │ 1s     │ 307  │ online    │ 25.9%    │ 53.4mb   │ user     │ disabled │
│ 3  │ google_meet_bot               │ default     │ N/A     │ fork    │ 119003   │ 34m    │ 0    │ online    │ 0%       │ 67.5mb   │ user     │ disabled │
│ 9  │ iqbanana_online-backend       │ default     │ N/A     │ fork    │ 3073     │ 3D     │ 1    │ online    │ 0%       │ 84.2mb   │ user     │ disabled │
│ 8  │ iqbanana_online-frontend      │ default     │ N/A     │ fork    │ 2841     │ 3D     │ 2    │ online    │ 3.7%     │ 81.9mb   │ user     │ disabled │
│ 2  │ modern_n8n_site-backend       │ default     │ N/A     │ fork    │ 889      │ 3D     │ 0    │ online    │ 0%       │ 83.5mb   │ user     │ disabled │
│ 1  │ modern_n8n_site-frontend      │ default     │ N/A     │ fork    │ 765      │ 3D     │ 0    │ online    │ 7.4%     │ 83.1mb   │ user     │ disabled │
│ 4  │ myownworldproject-backend     │ default     │ N/A     │ cluster │ 1010     │ 3D     │ 0    │ online    │ 0%       │ 81.8mb   │ user     │ disabled │
│ 5  │ myownworldproject-frontend    │ default     │ N/A     │ cluster │ 1041     │ 3D     │ 0    │ online    │ 3.7%     │ 81.4mb   │ user     │ disabled │
│ 11 │ recruiter_bot                 │ default     │ N/A     │ fork    │ 120228   │ 0s     │ 393  │ online    │ 0%       │ 7.1mb    │ user     │ disabled │
└────┴───────────────────────────────┴─────────────┴─────────┴─────────┴──────────┴────────┴──────┴───────────┴──────────┴──────────┴──────────┴──────────┘
[2025-04-23 17:08:17] Все PM2 процессы успешно перезапущены
[2025-04-23 17:08:17] Проверка обновлений завершена
[2025-04-23 17:09:01] Начинаю проверку обновлений в репозитории
[2025-04-23 17:09:01] Использую pm2 по пути: /usr/local/bin/pm2
[2025-04-23 17:09:01] Перешел в директорию репозитория: /home/user/naim_bot
[2025-04-23 17:09:01] Текущий хеш коммита: 2f6ec7d4828bc572b8f4b6c10b04d497961f86c0
Из github.com:maksimod/naim_bot
 * branch            main       -> FETCH_HEAD
[2025-04-23 17:09:03] Выполнен git fetch
[2025-04-23 17:09:03] Хеш коммита в origin/main: 2f6ec7d4828bc572b8f4b6c10b04d497961f86c0
[2025-04-23 17:09:03] Изменений не обнаружено, перезапуск не требуется
[2025-04-23 17:09:03] Проверка обновлений завершена
[2025-04-23 17:10:01] Начинаю проверку обновлений в репозитории
[2025-04-23 17:10:01] Использую pm2 по пути: /usr/local/bin/pm2
[2025-04-23 17:10:01] Перешел в директорию репозитория: /home/user/naim_bot
[2025-04-23 17:10:02] Текущий хеш коммита: 2f6ec7d4828bc572b8f4b6c10b04d497961f86c0
Из github.com:maksimod/naim_bot
 * branch            main       -> FETCH_HEAD
[2025-04-23 17:10:04] Выполнен git fetch
[2025-04-23 17:10:04] Хеш коммита в origin/main: 2f6ec7d4828bc572b8f4b6c10b04d497961f86c0
[2025-04-23 17:10:04] Изменений не обнаружено, перезапуск не требуется
[2025-04-23 17:10:04] Проверка обновлений завершена
[2025-04-23 17:11:01] Начинаю проверку обновлений в репозитории
[2025-04-23 17:11:01] Использую pm2 по пути: /usr/local/bin/pm2
[2025-04-23 17:11:01] Перешел в директорию репозитория: /home/user/naim_bot
[2025-04-23 17:11:01] Текущий хеш коммита: 2f6ec7d4828bc572b8f4b6c10b04d497961f86c0
Из github.com:maksimod/naim_bot
 * branch            main       -> FETCH_HEAD
[2025-04-23 17:11:04] Выполнен git fetch
[2025-04-23 17:11:04] Хеш коммита в origin/main: 2f6ec7d4828bc572b8f4b6c10b04d497961f86c0
[2025-04-23 17:11:04] Изменений не обнаружено, перезапуск не требуется
[2025-04-23 17:11:04] Проверка обновлений завершена
[2025-04-23 17:12:01] Начинаю проверку обновлений в репозитории
[2025-04-23 17:12:01] Использую pm2 по пути: /usr/local/bin/pm2
[2025-04-23 17:12:01] Перешел в директорию репозитория: /home/user/naim_bot
[2025-04-23 17:12:01] Текущий хеш коммита: 2f6ec7d4828bc572b8f4b6c10b04d497961f86c0
Из github.com:maksimod/naim_bot
 * branch            main       -> FETCH_HEAD
[2025-04-23 17:12:03] Выполнен git fetch
[2025-04-23 17:12:03] Хеш коммита в origin/main: 2f6ec7d4828bc572b8f4b6c10b04d497961f86c0
[2025-04-23 17:12:03] Изменений не обнаружено, перезапуск не требуется
[2025-04-23 17:12:03] Проверка обновлений завершена
[2025-04-23 17:13:01] Начинаю проверку обновлений в репозитории
[2025-04-23 17:13:01] Использую pm2 по пути: /usr/local/bin/pm2
[2025-04-23 17:13:01] Перешел в директорию репозитория: /home/user/naim_bot
[2025-04-23 17:13:01] Текущий хеш коммита: 2f6ec7d4828bc572b8f4b6c10b04d497961f86c0
Из github.com:maksimod/naim_bot
 * branch            main       -> FETCH_HEAD
[2025-04-23 17:13:03] Выполнен git fetch
[2025-04-23 17:13:03] Хеш коммита в origin/main: 2f6ec7d4828bc572b8f4b6c10b04d497961f86c0
[2025-04-23 17:13:03] Изменений не обнаружено, перезапуск не требуется
[2025-04-23 17:13:03] Проверка обновлений завершена
[2025-04-23 17:14:01] Начинаю проверку обновлений в репозитории
[2025-04-23 17:14:01] Использую pm2 по пути: /usr/local/bin/pm2
[2025-04-23 17:14:01] Перешел в директорию репозитория: /home/user/naim_bot
[2025-04-23 17:14:01] Текущий хеш коммита: 2f6ec7d4828bc572b8f4b6c10b04d497961f86c0
Из github.com:maksimod/naim_bot
 * branch            main       -> FETCH_HEAD
[2025-04-23 17:14:06] Выполнен git fetch
[2025-04-23 17:14:06] Хеш коммита в origin/main: 2f6ec7d4828bc572b8f4b6c10b04d497961f86c0
[2025-04-23 17:14:06] Изменений не обнаружено, перезапуск не требуется
[2025-04-23 17:14:06] Проверка обновлений завершена
[2025-04-23 17:15:01] Начинаю проверку обновлений в репозитории
[2025-04-23 17:15:01] Использую pm2 по пути: /usr/local/bin/pm2
[2025-04-23 17:15:01] Перешел в директорию репозитория: /home/user/naim_bot
[2025-04-23 17:15:01] Текущий хеш коммита: 2f6ec7d4828bc572b8f4b6c10b04d497961f86c0
Из github.com:maksimod/naim_bot
 * branch            main       -> FETCH_HEAD
[2025-04-23 17:15:04] Выполнен git fetch
[2025-04-23 17:15:04] Хеш коммита в origin/main: 2f6ec7d4828bc572b8f4b6c10b04d497961f86c0
[2025-04-23 17:15:04] Изменений не обнаружено, перезапуск не требуется
[2025-04-23 17:15:04] Проверка обновлений завершена
[2025-04-23 17:16:01] Начинаю проверку обновлений в репозитории
[2025-04-23 17:16:01] Использую pm2 по пути: /usr/local/bin/pm2
[2025-04-23 17:16:01] Перешел в директорию репозитория: /home/user/naim_bot
[2025-04-23 17:16:01] Текущий хеш коммита: 2f6ec7d4828bc572b8f4b6c10b04d497961f86c0
Из github.com:maksimod/naim_bot
 * branch            main       -> FETCH_HEAD
[2025-04-23 17:16:03] Выполнен git fetch
[2025-04-23 17:16:03] Хеш коммита в origin/main: 2f6ec7d4828bc572b8f4b6c10b04d497961f86c0
[2025-04-23 17:16:03] Изменений не обнаружено, перезапуск не требуется
[2025-04-23 17:16:03] Проверка обновлений завершена
[2025-04-23 17:17:01] Начинаю проверку обновлений в репозитории
[2025-04-23 17:17:01] Использую pm2 по пути: /usr/local/bin/pm2
[2025-04-23 17:17:01] Перешел в директорию репозитория: /home/user/naim_bot
[2025-04-23 17:17:01] Текущий хеш коммита: 2f6ec7d4828bc572b8f4b6c10b04d497961f86c0
Из github.com:maksimod/naim_bot
 * branch            main       -> FETCH_HEAD
[2025-04-23 17:17:03] Выполнен git fetch
[2025-04-23 17:17:03] Хеш коммита в origin/main: 2f6ec7d4828bc572b8f4b6c10b04d497961f86c0
[2025-04-23 17:17:03] Изменений не обнаружено, перезапуск не требуется
[2025-04-23 17:17:03] Проверка обновлений завершена
[2025-04-23 17:18:01] Лог-файл очищен, оставлено 1000 последних строк
[2025-04-23 17:18:01] Начинаю проверку обновлений в репозитории
[2025-04-23 17:18:01] Использую pm2 по пути: /usr/local/bin/pm2
[2025-04-23 17:18:01] Перешел в директорию репозитория: /home/user/naim_bot
[2025-04-23 17:18:01] Текущий хеш коммита: 2f6ec7d4828bc572b8f4b6c10b04d497961f86c0
[2025-04-23 17:18:03] Выполнен git fetch
[2025-04-23 17:18:03] Хеш коммита в origin/main: 2f6ec7d4828bc572b8f4b6c10b04d497961f86c0
[2025-04-23 17:18:03] Изменений не обнаружено, перезапуск не требуется
[2025-04-23 17:18:03] Проверка обновлений завершена
[2025-04-23 17:18:03] Лог-файл очищен, оставлено 1000 последних строк
